<?xml version="1.0" encoding="UTF-8" ?>
<testsuite tests="4" failures="0" name="com.andrewlevan.ReaderTest" time="0" errors="0" skipped="0">
  <properties>
[...]
</properties>
  <testcase classname="com.andrewlevan.ReaderTest" name="verify_outputs_correct_number_of_list_items" time="0"/>
  <testcase classname="com.andrewlevan.ReaderTest" name="verify_can_read_file" time="0"/>
  <testcase classname="com.andrewlevan.ReaderTest" name="verify_arrays_contain_correct_number_of_items" time="0"/>
  <testcase classname="com.andrewlevan.ReaderTest" name="verify_arrays_splitting_correctly" time="0"/>
</testsuite>